This file contains any messages produced by compilers while
running configure, to aid debugging if configure makes a mistake.

It was created by epmc configure 1.0, which was
generated by GNU Autoconf 2.69.  Invocation command line was

  $ ./configure CXX=mpicxx --with-blas=/usr/local/lib/libblas.a --with-lapack=/usr/local/lib/liblapack.a --with-trilinos=/home/hyz/install/Trilinos --with-mpi=/home/hyz/mpich-install/mpich-4.0.2/lib/libmpicxx.a

## --------- ##
## Platform. ##
## --------- ##

hostname = localhost.localdomain
uname -m = x86_64
uname -r = 3.10.0-1160.45.1.el7.x86_64
uname -s = Linux
uname -v = #1 SMP Wed Oct 13 17:20:51 UTC 2021

/usr/bin/uname -p = x86_64
/bin/uname -X     = unknown

/bin/arch              = x86_64
/usr/bin/arch -k       = unknown
/usr/convex/getsysinfo = unknown
/usr/bin/hostinfo      = unknown
/bin/machine           = unknown
/usr/bin/oslevel       = unknown
/bin/universe          = unknown

PATH: /home/hyz/mpich-install/mpich-4.0.2/bin
PATH: /usr/local/openmpi/bin
PATH: /usr/lib/jvm/java-1.8.0-openjdk-1.8.0.262.b10-0.el7_8.x86_64/bin
PATH: /usr/synopsys/H_2013.03/bin
PATH: /usr/synopsys/11.5/amd64/bin
PATH: /usr/local/openmpi/bin
PATH: /home/hyz/mpich-install/mpich-4.0.2/bin
PATH: /usr/lib/jvm/java-1.8.0-openjdk-1.8.0.262.b10-0.el7_8.x86_64/bin
PATH: /usr/synopsys/H_2013.03/bin
PATH: /usr/synopsys/11.5/amd64/bin
PATH: /usr/lib/jvm/java-1.8.0-openjdk-1.8.0.262.b10-0.el7_8.x86_64/bin
PATH: /usr/synopsys/H_2013.03/bin
PATH: /usr/synopsys/11.5/amd64/bin
PATH: /usr/lib/jvm/java-1.8.0-openjdk-1.8.0.262.b10-0.el7_8.x86_64/bin
PATH: /usr/synopsys/H_2013.03/bin
PATH: /usr/synopsys/11.5/amd64/bin
PATH: /usr/lib/jvm/java-1.8.0-openjdk-1.8.0.262.b10-0.el7_8.x86_64/bin
PATH: /usr/synopsys/H_2013.03/bin
PATH: /usr/synopsys/11.5/amd64/bin
PATH: /usr/lib/jvm/java-1.8.0-openjdk-1.8.0.262.b10-0.el7_8.x86_64/bin
PATH: /usr/synopsys/H_2013.03/bin
PATH: /usr/synopsys/11.5/amd64/bin
PATH: /usr/lib/jvm/java-1.8.0-openjdk-1.8.0.262.b10-0.el7_8.x86_64/bin
PATH: /usr/synopsys/H_2013.03/bin
PATH: /usr/synopsys/11.5/amd64/bin
PATH: /usr/lib/jvm/java-1.8.0-openjdk-1.8.0.262.b10-0.el7_8.x86_64/bin
PATH: /usr/synopsys/H_2013.03/bin
PATH: /usr/synopsys/11.5/amd64/bin
PATH: /usr/lib64/qt-3.3/bin
PATH: /sbin
PATH: /bin
PATH: /usr/bin
PATH: /usr/local/bin
PATH: /usr/local/sbin
PATH: /usr/sbin
PATH: /home/hyz/.local/bin
PATH: /home/hyz/bin
PATH: /home/hyz/.local/bin
PATH: /home/hyz/bin
PATH: /home/hyz/.local/bin
PATH: /home/hyz/bin
PATH: /usr/local/git/bin
PATH: /home/hyz/.local/bin
PATH: /home/hyz/bin


## ----------- ##
## Core tests. ##
## ----------- ##

configure:2041: checking build system type
configure:2055: result: x86_64-unknown-linux-gnu
configure:2075: checking host system type
configure:2088: result: x86_64-unknown-linux-gnu
configure:2108: checking target system type
configure:2121: result: x86_64-unknown-linux-gnu
configure:2164: checking for a BSD-compatible install
configure:2232: result: /bin/install -c
configure:2243: checking whether build environment is sane
configure:2298: result: yes
configure:2336: WARNING: 'missing' script is too old or missing
configure:2449: checking for a thread-safe mkdir -p
configure:2488: result: /bin/mkdir -p
configure:2495: checking for gawk
configure:2511: found /bin/gawk
configure:2522: result: gawk
configure:2533: checking whether make sets $(MAKE)
configure:2555: result: yes
configure:2584: checking whether make supports nested variables
configure:2601: result: yes
configure:2772: checking for gcc
configure:2788: found /bin/gcc
configure:2799: result: gcc
configure:3028: checking for C compiler version
configure:3037: gcc --version >&5
gcc (GCC) 4.8.5 20150623 (Red Hat 4.8.5-44)
Copyright (C) 2015 Free Software Foundation, Inc.
This is free software; see the source for copying conditions.  There is NO
warranty; not even for MERCHANTABILITY or FITNESS FOR A PARTICULAR PURPOSE.

configure:3048: $? = 0
configure:3037: gcc -v >&5
Using built-in specs.
COLLECT_GCC=gcc
COLLECT_LTO_WRAPPER=/usr/libexec/gcc/x86_64-redhat-linux/4.8.5/lto-wrapper
Target: x86_64-redhat-linux
Configured with: ../configure --prefix=/usr --mandir=/usr/share/man --infodir=/usr/share/info --with-bugurl=http://bugzilla.redhat.com/bugzilla --enable-bootstrap --enable-shared --enable-threads=posix --enable-checking=release --with-system-zlib --enable-__cxa_atexit --disable-libunwind-exceptions --enable-gnu-unique-object --enable-linker-build-id --with-linker-hash-style=gnu --enable-languages=c,c++,objc,obj-c++,java,fortran,ada,go,lto --enable-plugin --enable-initfini-array --disable-libgcj --with-isl=/builddir/build/BUILD/gcc-4.8.5-20150702/obj-x86_64-redhat-linux/isl-install --with-cloog=/builddir/build/BUILD/gcc-4.8.5-20150702/obj-x86_64-redhat-linux/cloog-install --enable-gnu-indirect-function --with-tune=generic --with-arch_32=x86-64 --build=x86_64-redhat-linux
Thread model: posix
gcc version 4.8.5 20150623 (Red Hat 4.8.5-44) (GCC) 
configure:3048: $? = 0
configure:3037: gcc -V >&5
gcc: error: unrecognized command line option '-V'
gcc: fatal error: no input files
compilation terminated.
configure:3048: $? = 4
configure:3037: gcc -qversion >&5
gcc: error: unrecognized command line option '-qversion'
gcc: fatal error: no input files
compilation terminated.
configure:3048: $? = 4
configure:3068: checking whether the C compiler works
configure:3090: gcc    conftest.c  >&5
configure:3094: $? = 0
configure:3142: result: yes
configure:3145: checking for C compiler default output file name
configure:3147: result: a.out
configure:3153: checking for suffix of executables
configure:3160: gcc -o conftest    conftest.c  >&5
configure:3164: $? = 0
configure:3186: result: 
configure:3208: checking whether we are cross compiling
configure:3216: gcc -o conftest    conftest.c  >&5
configure:3220: $? = 0
configure:3227: ./conftest
configure:3231: $? = 0
configure:3246: result: no
configure:3251: checking for suffix of object files
configure:3273: gcc -c   conftest.c >&5
configure:3277: $? = 0
configure:3298: result: o
configure:3302: checking whether we are using the GNU C compiler
configure:3321: gcc -c   conftest.c >&5
configure:3321: $? = 0
configure:3330: result: yes
configure:3339: checking whether gcc accepts -g
configure:3359: gcc -c -g  conftest.c >&5
configure:3359: $? = 0
configure:3400: result: yes
configure:3417: checking for gcc option to accept ISO C89
configure:3480: gcc  -c -g -O2  conftest.c >&5
configure:3480: $? = 0
configure:3493: result: none needed
configure:3524: checking for style of include used by make
configure:3552: result: GNU
configure:3578: checking dependency style of gcc
configure:3689: result: gcc3
configure:3709: checking how to run the C preprocessor
configure:3740: gcc -E  conftest.c
configure:3740: $? = 0
configure:3754: gcc -E  conftest.c
conftest.c:11:28: fatal error: ac_nonexistent.h: No such file or directory
 #include <ac_nonexistent.h>
                            ^
compilation terminated.
configure:3754: $? = 1
configure: failed program was:
| /* confdefs.h */
| #define PACKAGE_NAME "epmc"
| #define PACKAGE_TARNAME "epmc"
| #define PACKAGE_VERSION "1.0"
| #define PACKAGE_STRING "epmc 1.0"
| #define PACKAGE_BUGREPORT "wzhangpku@gmail.com"
| #define PACKAGE_URL ""
| #define PACKAGE "epmc"
| #define VERSION "1.0"
| /* end confdefs.h.  */
| #include <ac_nonexistent.h>
configure:3779: result: gcc -E
configure:3799: gcc -E  conftest.c
configure:3799: $? = 0
configure:3813: gcc -E  conftest.c
conftest.c:11:28: fatal error: ac_nonexistent.h: No such file or directory
 #include <ac_nonexistent.h>
                            ^
compilation terminated.
configure:3813: $? = 1
configure: failed program was:
| /* confdefs.h */
| #define PACKAGE_NAME "epmc"
| #define PACKAGE_TARNAME "epmc"
| #define PACKAGE_VERSION "1.0"
| #define PACKAGE_STRING "epmc 1.0"
| #define PACKAGE_BUGREPORT "wzhangpku@gmail.com"
| #define PACKAGE_URL ""
| #define PACKAGE "epmc"
| #define VERSION "1.0"
| /* end confdefs.h.  */
| #include <ac_nonexistent.h>
configure:3953: checking for C++ compiler version
configure:3962: mpicxx --version >&5
g++ (GCC) 4.8.5 20150623 (Red Hat 4.8.5-44)
Copyright (C) 2015 Free Software Foundation, Inc.
This is free software; see the source for copying conditions.  There is NO
warranty; not even for MERCHANTABILITY or FITNESS FOR A PARTICULAR PURPOSE.

configure:3973: $? = 0
configure:3962: mpicxx -v >&5
mpicxx for MPICH version 4.0.2
Using built-in specs.
COLLECT_GCC=g++
COLLECT_LTO_WRAPPER=/usr/libexec/gcc/x86_64-redhat-linux/4.8.5/lto-wrapper
Target: x86_64-redhat-linux
Configured with: ../configure --prefix=/usr --mandir=/usr/share/man --infodir=/usr/share/info --with-bugurl=http://bugzilla.redhat.com/bugzilla --enable-bootstrap --enable-shared --enable-threads=posix --enable-checking=release --with-system-zlib --enable-__cxa_atexit --disable-libunwind-exceptions --enable-gnu-unique-object --enable-linker-build-id --with-linker-hash-style=gnu --enable-languages=c,c++,objc,obj-c++,java,fortran,ada,go,lto --enable-plugin --enable-initfini-array --disable-libgcj --with-isl=/builddir/build/BUILD/gcc-4.8.5-20150702/obj-x86_64-redhat-linux/isl-install --with-cloog=/builddir/build/BUILD/gcc-4.8.5-20150702/obj-x86_64-redhat-linux/cloog-install --enable-gnu-indirect-function --with-tune=generic --with-arch_32=x86-64 --build=x86_64-redhat-linux
Thread model: posix
gcc version 4.8.5 20150623 (Red Hat 4.8.5-44) (GCC) 
configure:3973: $? = 0
configure:3962: mpicxx -V >&5
g++: error: unrecognized command line option '-V'
configure:3973: $? = 1
configure:3962: mpicxx -qversion >&5
g++: error: unrecognized command line option '-qversion'
configure:3973: $? = 1
configure:3977: checking whether we are using the GNU C++ compiler
configure:3996: mpicxx -c   conftest.cpp >&5
configure:3996: $? = 0
configure:4005: result: yes
configure:4014: checking whether mpicxx accepts -g
configure:4034: mpicxx -c -g  conftest.cpp >&5
configure:4034: $? = 0
configure:4075: result: yes
configure:4100: checking dependency style of mpicxx
configure:4211: result: gcc3
configure:4226: checking whether ln -s works
configure:4230: result: yes
configure:4290: checking for g77
configure:4320: result: no
configure:4290: checking for xlf
configure:4320: result: no
configure:4290: checking for f77
configure:4320: result: no
configure:4290: checking for frt
configure:4320: result: no
configure:4290: checking for pgf77
configure:4320: result: no
configure:4290: checking for cf77
configure:4320: result: no
configure:4290: checking for fort77
configure:4320: result: no
configure:4290: checking for fl32
configure:4320: result: no
configure:4290: checking for af77
configure:4320: result: no
configure:4290: checking for xlf90
configure:4320: result: no
configure:4290: checking for f90
configure:4320: result: no
configure:4290: checking for pgf90
configure:4320: result: no
configure:4290: checking for pghpf
configure:4320: result: no
configure:4290: checking for epcf90
configure:4320: result: no
configure:4290: checking for gfortran
configure:4306: found /bin/gfortran
configure:4317: result: gfortran
configure:4343: checking for Fortran 77 compiler version
configure:4352: gfortran --version >&5
GNU Fortran (GCC) 4.8.5 20150623 (Red Hat 4.8.5-44)
Copyright (C) 2015 Free Software Foundation, Inc.

GNU Fortran comes with NO WARRANTY, to the extent permitted by law.
You may redistribute copies of GNU Fortran
under the terms of the GNU General Public License.
For more information about these matters, see the file named COPYING

configure:4363: $? = 0
configure:4352: gfortran -v >&5
Using built-in specs.
COLLECT_GCC=gfortran
COLLECT_LTO_WRAPPER=/usr/libexec/gcc/x86_64-redhat-linux/4.8.5/lto-wrapper
Target: x86_64-redhat-linux
Configured with: ../configure --prefix=/usr --mandir=/usr/share/man --infodir=/usr/share/info --with-bugurl=http://bugzilla.redhat.com/bugzilla --enable-bootstrap --enable-shared --enable-threads=posix --enable-checking=release --with-system-zlib --enable-__cxa_atexit --disable-libunwind-exceptions --enable-gnu-unique-object --enable-linker-build-id --with-linker-hash-style=gnu --enable-languages=c,c++,objc,obj-c++,java,fortran,ada,go,lto --enable-plugin --enable-initfini-array --disable-libgcj --with-isl=/builddir/build/BUILD/gcc-4.8.5-20150702/obj-x86_64-redhat-linux/isl-install --with-cloog=/builddir/build/BUILD/gcc-4.8.5-20150702/obj-x86_64-redhat-linux/cloog-install --enable-gnu-indirect-function --with-tune=generic --with-arch_32=x86-64 --build=x86_64-redhat-linux
Thread model: posix
gcc version 4.8.5 20150623 (Red Hat 4.8.5-44) (GCC) 
configure:4363: $? = 0
configure:4352: gfortran -V >&5
gfortran: error: unrecognized command line option '-V'
gfortran: fatal error: no input files
compilation terminated.
configure:4363: $? = 4
configure:4352: gfortran -qversion >&5
gfortran: error: unrecognized command line option '-qversion'
gfortran: fatal error: no input files
compilation terminated.
configure:4363: $? = 4
configure:4372: checking whether we are using the GNU Fortran 77 compiler
configure:4385: gfortran -c  conftest.F >&5
configure:4385: $? = 0
configure:4394: result: yes
configure:4400: checking whether gfortran accepts -g
configure:4411: gfortran -c -g conftest.f >&5
configure:4411: $? = 0
configure:4419: result: yes
configure:4491: checking for ar
configure:4507: found /bin/ar
configure:4518: result: ar
configure:4583: checking for doxygen
configure:4599: found /bin/doxygen
configure:4610: result: doxygen
configure:4651: checking if optimize support was requested
configure:4654: result: yes
configure:4677: mpicxx -o conftest -O3  -g   conftest.cpp /usr/local/lib/libblas.a >&5
configure:4677: $? = 0
configure:4684: checking for blas library
configure:4687: result: yes
configure:4708: mpicxx -o conftest -O3  -g   conftest.cpp /usr/local/lib/liblapack.a /usr/local/lib/libblas.a >&5
configure:4708: $? = 0
configure:4715: checking for lapack library
configure:4718: result: yes
configure:4744: mpicxx -c -I/home/hyz/install/Trilinos/include  conftest.cpp >&5
configure:4744: $? = 0
configure:4751: checking for trilinos header files
configure:4754: result: yes
configure:4776: mpicxx -o conftest -I/home/hyz/install/Trilinos/include   conftest.cpp /usr/local/lib/liblapack.a /usr/local/lib/libblas.a -L/home/hyz/install/Trilinos/lib -lnox >&5
configure:4776: $? = 0
configure:4784: checking for trilinos library 
configure:4787: result: yes
configure:4911: checking that generated files are newer than configure
configure:4917: result: done
configure:4944: creating ./config.status

## ---------------------- ##
## Running config.status. ##
## ---------------------- ##

This file was extended by epmc config.status 1.0, which was
generated by GNU Autoconf 2.69.  Invocation command line was

  CONFIG_FILES    = 
  CONFIG_HEADERS  = 
  CONFIG_LINKS    = 
  CONFIG_COMMANDS = 
  $ ./config.status 

on localhost.localdomain

config.status:868: creating Makefile
config.status:868: creating lib/Makefile
config.status:868: creating config.h
config.status:1049: config.h is unchanged
config.status:1097: executing depfiles commands

## ---------------- ##
## Cache variables. ##
## ---------------- ##

ac_cv_build=x86_64-unknown-linux-gnu
ac_cv_c_compiler_gnu=yes
ac_cv_cxx_compiler_gnu=yes
ac_cv_env_CCC_set=
ac_cv_env_CCC_value=
ac_cv_env_CC_set=
ac_cv_env_CC_value=
ac_cv_env_CFLAGS_set=
ac_cv_env_CFLAGS_value=
ac_cv_env_CPPFLAGS_set=
ac_cv_env_CPPFLAGS_value=
ac_cv_env_CPP_set=
ac_cv_env_CPP_value=
ac_cv_env_CXXFLAGS_set=
ac_cv_env_CXXFLAGS_value=
ac_cv_env_CXX_set=set
ac_cv_env_CXX_value=mpicxx
ac_cv_env_F77_set=
ac_cv_env_F77_value=
ac_cv_env_FFLAGS_set=
ac_cv_env_FFLAGS_value=
ac_cv_env_LDFLAGS_set=
ac_cv_env_LDFLAGS_value=
ac_cv_env_LIBS_set=
ac_cv_env_LIBS_value=
ac_cv_env_build_alias_set=
ac_cv_env_build_alias_value=
ac_cv_env_host_alias_set=
ac_cv_env_host_alias_value=
ac_cv_env_target_alias_set=
ac_cv_env_target_alias_value=
ac_cv_f77_compiler_gnu=yes
ac_cv_host=x86_64-unknown-linux-gnu
ac_cv_objext=o
ac_cv_path_install='/bin/install -c'
ac_cv_path_mkdir=/bin/mkdir
ac_cv_prog_AWK=gawk
ac_cv_prog_CPP='gcc -E'
ac_cv_prog_ac_ct_AR=ar
ac_cv_prog_ac_ct_CC=gcc
ac_cv_prog_ac_ct_DOCGEN=doxygen
ac_cv_prog_ac_ct_F77=gfortran
ac_cv_prog_cc_c89=
ac_cv_prog_cc_g=yes
ac_cv_prog_cxx_g=yes
ac_cv_prog_f77_g=yes
ac_cv_prog_make_make_set=yes
ac_cv_target=x86_64-unknown-linux-gnu
am_cv_CC_dependencies_compiler_type=gcc3
am_cv_CXX_dependencies_compiler_type=gcc3
am_cv_make_support_nested_variables=yes

## ----------------- ##
## Output variables. ##
## ----------------- ##

ACLOCAL='aclocal-1.13'
AMDEPBACKSLASH='\'
AMDEP_FALSE='#'
AMDEP_TRUE=''
AMTAR='$${TAR-tar}'
AM_BACKSLASH='\'
AM_DEFAULT_V='$(AM_DEFAULT_VERBOSITY)'
AM_DEFAULT_VERBOSITY='1'
AM_V='$(V)'
AR='ar'
AUTOCONF='autoconf'
AUTOHEADER='autoheader'
AUTOMAKE='automake-1.13'
AWK='gawk'
CC='gcc'
CCDEPMODE='depmode=gcc3'
CFLAGS='-I/home/hyz/install/Trilinos/include'
CPP='gcc -E'
CPPFLAGS=''
CXX='mpicxx'
CXXDEPMODE='depmode=gcc3'
CXXFLAGS='-I/home/hyz/install/Trilinos/include'
CYGPATH_W='echo'
DEFS='-DHAVE_CONFIG_H'
DEPDIR='.deps'
DOCGEN='doxygen'
ECHO_C=''
ECHO_N='-n'
ECHO_T=''
EPMC_PATH='/home/hyz/3dmc/3dmc_Si'
EXEEXT=''
F77='gfortran'
FFLAGS='-g -O2'
INSTALL_DATA='${INSTALL} -m 644'
INSTALL_PROGRAM='${INSTALL}'
INSTALL_SCRIPT='${INSTALL}'
INSTALL_STRIP_PROGRAM='$(install_sh) -c -s'
LDFLAGS=''
LIBOBJS=''
LIBS='-L/home/hyz/install/Trilinos/lib -lnoxepetra -lnox -lifpack -lml -ltriutils -laztecoo -lamesos -lepetra -lepetraext -lteuchoscomm -lteuchosparameterlist -lteuchoscore -lteuchosremainder -lteuchosnumerics -lg2c -lgfortran -lm 	/usr/local/lib/liblapack.a /usr/local/lib/libblas.a /home/hyz/mpich-install/mpich-4.0.2/lib/libmpicxx.a'
LN_S='ln -s'
LTLIBOBJS=''
MAKEINFO='makeinfo'
MKDIR_P='/bin/mkdir -p'
OBJEXT='o'
PACKAGE='epmc'
PACKAGE_BUGREPORT='wzhangpku@gmail.com'
PACKAGE_NAME='epmc'
PACKAGE_STRING='epmc 1.0'
PACKAGE_TARNAME='epmc'
PACKAGE_URL=''
PACKAGE_VERSION='1.0'
PATH_SEPARATOR=':'
SET_MAKE=''
SHELL='/bin/sh'
STRIP=''
VERSION='1.0'
ac_ct_CC='gcc'
ac_ct_CXX=''
ac_ct_F77='gfortran'
am__EXEEXT_FALSE=''
am__EXEEXT_TRUE='#'
am__fastdepCC_FALSE='#'
am__fastdepCC_TRUE=''
am__fastdepCXX_FALSE='#'
am__fastdepCXX_TRUE=''
am__include='include'
am__isrc=''
am__leading_dot='.'
am__nodep='_no'
am__quote=''
am__tar='$${TAR-tar} chof - "$$tardir"'
am__untar='$${TAR-tar} xf -'
bindir='${exec_prefix}/bin'
build='x86_64-unknown-linux-gnu'
build_alias=''
build_cpu='x86_64'
build_os='linux-gnu'
build_vendor='unknown'
datadir='${datarootdir}'
datarootdir='${prefix}/share'
docdir='${datarootdir}/doc/${PACKAGE_TARNAME}'
dvidir='${docdir}'
exec_prefix='${prefix}'
host='x86_64-unknown-linux-gnu'
host_alias=''
host_cpu='x86_64'
host_os='linux-gnu'
host_vendor='unknown'
htmldir='${docdir}'
includedir='${prefix}/include'
infodir='${datarootdir}/info'
install_sh='${SHELL} /home/hyz/3dmc/3dmc_Si/install-sh'
libdir='${exec_prefix}/lib'
libexecdir='${exec_prefix}/libexec'
localedir='${datarootdir}/locale'
localstatedir='${prefix}/var'
mandir='${datarootdir}/man'
mkdir_p='$(MKDIR_P)'
oldincludedir='/usr/include'
pdfdir='${docdir}'
prefix='/usr/local'
program_transform_name='s,x,x,'
psdir='${docdir}'
sbindir='${exec_prefix}/sbin'
sharedstatedir='${prefix}/com'
sysconfdir='${prefix}/etc'
target='x86_64-unknown-linux-gnu'
target_alias=''
target_cpu='x86_64'
target_os='linux-gnu'
target_vendor='unknown'

## ----------- ##
## confdefs.h. ##
## ----------- ##

/* confdefs.h */
#define PACKAGE_NAME "epmc"
#define PACKAGE_TARNAME "epmc"
#define PACKAGE_VERSION "1.0"
#define PACKAGE_STRING "epmc 1.0"
#define PACKAGE_BUGREPORT "wzhangpku@gmail.com"
#define PACKAGE_URL ""
#define PACKAGE "epmc"
#define VERSION "1.0"

configure: exit 0
