rank_ct: 0
FileName: input.txt
rank_ct: 1
FileName: input.txt
rank_ct: rank_ct: 23

FileName: input.txt
FileName: input.txt
Open the Grid file successfully!
Open the Grid file successfully!
p_numx: p_numx: 51
51
Open the Grid file successfully!
Open the Grid file successfully!
p_numx: 51
p_numx: 51
Open the Device file successfully!
Open the Device file successfully!
Open the Device file successfully!
Open the Device file successfully!
Particle Number : 765936
 ----- Total Step = 20000 ----- 
************ step = 0 ********
765936 particles
time used: 0.201757s
particle fly .. 

===================================================================================
=   BAD TERMINATION OF ONE OF YOUR APPLICATION PROCESSES
=   PID 231449 RUNNING AT localhost.localdomain
=   EXIT CODE: 9
=   CLEANING UP REMAINING PROCESSES
=   YOU CAN IGNORE THE BELOW CLEANUP MESSAGES
===================================================================================
YOUR APPLICATION TERMINATED WITH THE EXIT STRING: Segmentation fault (signal 11)
This typically refers to a problem with your application.
Please see the FAQ page for debugging suggestions
