rank_ct: 0
FileName: input.txt
Tem: 300
bs_path: /home/hyz/3dmc/3dmc_Si/finfet/../input
Open the Grid file successfully!
Open the Device file successfully!
scatte[0][0][0] = 0.508677
scatte[0][1][0] = 0.813884
scatte[0][2][0] = 0.813884
scatte[0][3][0] = 0.813884
scatte[0][0][1] = 0.813884
scatte[0][1][1] = 0.813884
scatte[0][2][1] = 0.813884
scatte[0][3][1] = 0.813884
scatte[0][0][2] = 0.813884
scatte[0][1][2] = 0.813884
scatte[0][2][2] = 0.813884
scatte[0][3][2] = 0.813884
scatte[0][0][3] = 0.813884
scatte[0][1][3] = 0.813884
scatte[0][2][3] = 0.813884
scatte[0][3][3] = 0.813884
scatte[1][0][0] = 0.0139007
scatte[1][1][0] = 0.0222411
scatte[1][2][0] = 0.0222411
scatte[1][3][0] = 0.0222411
scatte[1][0][1] = 0.0222411
scatte[1][1][1] = 0.0222411
scatte[1][2][1] = 0.0222411
scatte[1][3][1] = 0.0222411
scatte[1][0][2] = 0.0222411
scatte[1][1][2] = 0.0222411
scatte[1][2][2] = 0.0222411
scatte[1][3][2] = 0.0222411
scatte[1][0][3] = 0.0222411
scatte[1][1][3] = 0.0222411
scatte[1][2][3] = 0.0222411
scatte[1][3][3] = 0.0222411
scatte[2][0][0] = 0.022167
scatte[2][1][0] = 0.0354672
scatte[2][2][0] = 0.0354672
scatte[2][3][0] = 0.0354672
scatte[2][0][1] = 0.0354672
scatte[2][1][1] = 0.0354672
scatte[2][2][1] = 0.0354672
scatte[2][3][1] = 0.0354672
scatte[2][0][2] = 0.0354672
scatte[2][1][2] = 0.0354672
scatte[2][2][2] = 0.0354672
scatte[2][3][2] = 0.0354672
scatte[2][0][3] = 0.0354672
scatte[2][1][3] = 0.0354672
scatte[2][2][3] = 0.0354672
scatte[2][3][3] = 0.0354672
scatte[3][0][0] = 0.0131537
scatte[3][1][0] = 0.0210459
scatte[3][2][0] = 0.0210459
scatte[3][3][0] = 0.0210459
scatte[3][0][1] = 0.0210459
scatte[3][1][1] = 0.0210459
scatte[3][2][1] = 0.0210459
scatte[3][3][1] = 0.0210459
scatte[3][0][2] = 0.0210459
scatte[3][1][2] = 0.0210459
scatte[3][2][2] = 0.0210459
scatte[3][3][2] = 0.0210459
scatte[3][0][3] = 0.0210459
scatte[3][1][3] = 0.0210459
scatte[3][2][3] = 0.0210459
scatte[3][3][3] = 0.0210459
scatte[4][0][0] = 0.0269335
scatte[4][1][0] = 0.0430936
scatte[4][2][0] = 0.0430936
scatte[4][3][0] = 0.0430936
scatte[4][0][1] = 0.0430936
scatte[4][1][1] = 0.0430936
scatte[4][2][1] = 0.0430936
scatte[4][3][1] = 0.0430936
scatte[4][0][2] = 0.0430936
scatte[4][1][2] = 0.0430936
scatte[4][2][2] = 0.0430936
scatte[4][3][2] = 0.0430936
scatte[4][0][3] = 0.0430936
scatte[4][1][3] = 0.0430936
scatte[4][2][3] = 0.0430936
scatte[4][3][3] = 0.0430936
scatte[5][0][0] = 0.0776154
scatte[5][1][0] = 0.124185
scatte[5][2][0] = 0.124185
scatte[5][3][0] = 0.124185
scatte[5][0][1] = 0.124185
scatte[5][1][1] = 0.124185
scatte[5][2][1] = 0.124185
scatte[5][3][1] = 0.124185
scatte[5][0][2] = 0.124185
scatte[5][1][2] = 0.124185
scatte[5][2][2] = 0.124185
scatte[5][3][2] = 0.124185
scatte[5][0][3] = 0.124185
scatte[5][1][3] = 0.124185
scatte[5][2][3] = 0.124185
scatte[5][3][3] = 0.124185
scatte[6][0][0] = 0.855568
scatte[6][1][0] = 1.36891
scatte[6][2][0] = 1.36891
scatte[6][3][0] = 1.36891
scatte[6][0][1] = 1.36891
scatte[6][1][1] = 1.36891
scatte[6][2][1] = 1.36891
scatte[6][3][1] = 1.36891
scatte[6][0][2] = 1.36891
scatte[6][1][2] = 1.36891
scatte[6][2][2] = 1.36891
scatte[6][3][2] = 1.36891
scatte[6][0][3] = 1.36891
scatte[6][1][3] = 1.36891
scatte[6][2][3] = 1.36891
scatte[6][3][3] = 1.36891
scatte[7][0][0] = 0.00699383
scatte[7][1][0] = 0.0111901
scatte[7][2][0] = 0.0111901
scatte[7][3][0] = 0.0111901
scatte[7][0][1] = 0.0111901
scatte[7][1][1] = 0.0111901
scatte[7][2][1] = 0.0111901
scatte[7][3][1] = 0.0111901
scatte[7][0][2] = 0.0111901
scatte[7][1][2] = 0.0111901
scatte[7][2][2] = 0.0111901
scatte[7][3][2] = 0.0111901
scatte[7][0][3] = 0.0111901
scatte[7][1][3] = 0.0111901
scatte[7][2][3] = 0.0111901
scatte[7][3][3] = 0.0111901
scatte[8][0][0] = 0.0145612
scatte[8][1][0] = 0.0232979
scatte[8][2][0] = 0.0232979
scatte[8][3][0] = 0.0232979
scatte[8][0][1] = 0.0232979
scatte[8][1][1] = 0.0232979
scatte[8][2][1] = 0.0232979
scatte[8][3][1] = 0.0232979
scatte[8][0][2] = 0.0232979
scatte[8][1][2] = 0.0232979
scatte[8][2][2] = 0.0232979
scatte[8][3][2] = 0.0232979
scatte[8][0][3] = 0.0232979
scatte[8][1][3] = 0.0232979
scatte[8][2][3] = 0.0232979
scatte[8][3][3] = 0.0232979
scatte[9][0][0] = 0.0256021
scatte[9][1][0] = 0.0409633
scatte[9][2][0] = 0.0409633
scatte[9][3][0] = 0.0409633
scatte[9][0][1] = 0.0409633
scatte[9][1][1] = 0.0409633
scatte[9][2][1] = 0.0409633
scatte[9][3][1] = 0.0409633
scatte[9][0][2] = 0.0409633
scatte[9][1][2] = 0.0409633
scatte[9][2][2] = 0.0409633
scatte[9][3][2] = 0.0409633
scatte[9][0][3] = 0.0409633
scatte[9][1][3] = 0.0409633
scatte[9][2][3] = 0.0409633
scatte[9][3][3] = 0.0409633
scatte[10][0][0] = 0.160133
scatte[10][1][0] = 0.256213
scatte[10][2][0] = 0.256213
scatte[10][3][0] = 0.256213
scatte[10][0][1] = 0.256213
scatte[10][1][1] = 0.256213
scatte[10][2][1] = 0.256213
scatte[10][3][1] = 0.256213
scatte[10][0][2] = 0.256213
scatte[10][1][2] = 0.256213
scatte[10][2][2] = 0.256213
scatte[10][3][2] = 0.256213
scatte[10][0][3] = 0.256213
scatte[10][1][3] = 0.256213
scatte[10][2][3] = 0.256213
scatte[10][3][3] = 0.256213
scatte[11][0][0] = 0.0122618
scatte[11][1][0] = 0.0196188
scatte[11][2][0] = 0.0196188
scatte[11][3][0] = 0.0196188
scatte[11][0][1] = 0.0196188
scatte[11][1][1] = 0.0196188
scatte[11][2][1] = 0.0196188
scatte[11][3][1] = 0.0196188
scatte[11][0][2] = 0.0196188
scatte[11][1][2] = 0.0196188
scatte[11][2][2] = 0.0196188
scatte[11][3][2] = 0.0196188
scatte[11][0][3] = 0.0196188
scatte[11][1][3] = 0.0196188
scatte[11][2][3] = 0.0196188
scatte[11][3][3] = 0.0196188
scatte[12][0][0] = 0.12028
scatte[12][1][0] = 0.192447
scatte[12][2][0] = 0.192447
scatte[12][3][0] = 0.192447
scatte[12][0][1] = 0.192447
scatte[12][1][1] = 0.192447
scatte[12][2][1] = 0.192447
scatte[12][3][1] = 0.192447
scatte[12][0][2] = 0.192447
scatte[12][1][2] = 0.192447
scatte[12][2][2] = 0.192447
scatte[12][3][2] = 0.192447
scatte[12][0][3] = 0.192447
scatte[12][1][3] = 0.192447
scatte[12][2][3] = 0.192447
scatte[12][3][3] = 0.192447
en0: 0.146593
ep0: 0.166249
sieg: 43.4821
exp(-sieg): 1.30609e-19
Ni: 5.64185e-11
Particle Number : 765936
